<?xml version="1.0" encoding="UTF-8"?>
<!-- Generated by org.testng.reporters.JUnitReportReporter -->
<testsuite hostname="Rupam" failures="0" tests="3" name="com.mystore.testCase.surch" time="25.041" errors="0" timestamp="2024-11-07T18:49:45 IST" skipped="0">
  <testcase classname="com.mystore.testCase.surch" name="surch" time="8.907"/>
  <testcase classname="com.mystore.testCase.surch" name="non_valid_inpute_surch" time="7.738"/>
  <testcase classname="com.mystore.testCase.surch" name="without_any_surch" time="8.396"/>
</testsuite> <!-- com.mystore.testCase.surch -->
